2025-10-28 18:54:43: GONetParticipant was awakened on GameObject: project://Assets/GONet/Sample/Resources/Follower.prefab
2025-10-28 18:54:43: GONetParticipant was enabled on GameObject: project://Assets/GONet/Sample/Resources/Follower.prefab (Design-time only).
2025-10-28 18:54:43: GONetParticipant was awakened on GameObject: project://Assets/GONet/Sample/Resources/Follower.prefab
2025-10-28 18:54:43: GONetParticipant was enabled on GameObject: project://Assets/GONet/Sample/Resources/Follower.prefab (Design-time only).
2025-10-28 18:54:43: GONetParticipant was awakened on GameObject: project://Assets/GONet/Sample/Resources/AutoRotatingOrbitor.prefab
2025-10-28 18:54:43: GONetParticipant was enabled on GameObject: project://Assets/GONet/Sample/Resources/AutoRotatingOrbitor.prefab (Design-time only).
2025-10-28 18:54:43: GONetParticipant was awakened on GameObject: project://Assets/GONet/Sample/Resources/AutoRotatingOrbitor.prefab
2025-10-28 18:54:43: GONetParticipant was enabled on GameObject: project://Assets/GONet/Sample/Resources/AutoRotatingOrbitor.prefab (Design-time only).
2025-10-28 18:54:43: GONetParticipant was awakened on GameObject: project://Assets/GONet/Sample/Resources/Follower.prefab
2025-10-28 18:54:43: GONetParticipant was enabled on GameObject: project://Assets/GONet/Sample/Resources/Follower.prefab (Design-time only).
2025-10-28 18:54:43: GONetParticipant was awakened on GameObject: project://Assets/GONet/Sample/Resources/Follower.prefab
2025-10-28 18:54:43: GONetParticipant was enabled on GameObject: project://Assets/GONet/Sample/Resources/Follower.prefab (Design-time only).
2025-10-28 18:54:43: GONetParticipant was awakened on GameObject: project://Assets/GONet/Sample/Resources/AutoRotatingOrbitor.prefab
2025-10-28 18:54:43: GONetParticipant was enabled on GameObject: project://Assets/GONet/Sample/Resources/AutoRotatingOrbitor.prefab (Design-time only).
2025-10-28 18:54:43: GONetParticipant was awakened on GameObject: project://Assets/GONet/Sample/Resources/AutoRotatingOrbitor.prefab
2025-10-28 18:54:43: GONetParticipant was enabled on GameObject: project://Assets/GONet/Sample/Resources/AutoRotatingOrbitor.prefab (Design-time only).
2025-10-28 18:54:43: GONetParticipant prefab removed from scene: scene://RpcPlayground/ZERO Sync/Auto Rotaters/AutoRotatingOrbitor
2025-10-28 18:54:43: GONetParticipant prefab removed from scene: scene://RpcPlayground/ZERO Sync/Auto Rotaters/AutoRotatingOrbitor (1)
2025-10-28 18:54:43: GONetParticipant prefab removed from scene: scene://RpcPlayground/ZERO Sync/Auto Rotaters/AutoRotatingOrbitor (2)
2025-10-28 18:54:43: GONetParticipant prefab removed from scene: scene://RpcPlayground/ZERO Sync/Auto Rotaters/AutoRotatingOrbitor (3)
2025-10-28 18:54:44: GONetParticipant prefab removed from scene: scene://RpcPlayground/ZERO Sync/Auto Rotaters/AutoRotatingOrbitor (4)
2025-10-28 18:54:44: GONetParticipant prefab removed from scene: scene://RpcPlayground/ZERO Sync/Followers (follows zero sync, but self syncs automagically)/Follower 
2025-10-28 18:54:44: GONetParticipant prefab removed from scene: scene://RpcPlayground/ZERO Sync/Followers (follows zero sync, but self syncs automagically)/Follower_+30N06
2025-10-28 18:54:44: GONetParticipant prefab removed from scene: scene://RpcPlayground/ZERO Sync/Followers (follows zero sync, but self syncs automagically)/Follower_+31N06
2025-10-28 18:54:44: GONetParticipant prefab removed from scene: scene://RpcPlayground/ZERO Sync/Followers (follows zero sync, but self syncs automagically)/Follower_+32N06
2025-10-28 18:54:44: GONetParticipant prefab removed from scene: scene://RpcPlayground/ZERO Sync/Followers (follows zero sync, but self syncs automagically)/Follower_+33N06
2025-10-28 18:54:44: GONetParticipant prefab removed from scene: scene://RpcPlayground/ZERO Sync/Auto Rotaters/AutoRotatingOrbitor
2025-10-28 18:54:44: GONetParticipant prefab removed from scene: scene://RpcPlayground/ZERO Sync/Auto Rotaters/AutoRotatingOrbitor (1)
2025-10-28 18:54:44: GONetParticipant prefab removed from scene: scene://RpcPlayground/ZERO Sync/Auto Rotaters/AutoRotatingOrbitor (2)
2025-10-28 18:54:44: GONetParticipant prefab removed from scene: scene://RpcPlayground/ZERO Sync/Auto Rotaters/AutoRotatingOrbitor (3)
2025-10-28 18:54:44: GONetParticipant prefab removed from scene: scene://RpcPlayground/ZERO Sync/Auto Rotaters/AutoRotatingOrbitor (4)
2025-10-28 18:54:44: GONetParticipant prefab removed from scene: scene://RpcPlayground/ZERO Sync/Followers (follows zero sync, but self syncs automagically)/Follower 
2025-10-28 18:54:44: GONetParticipant prefab removed from scene: scene://RpcPlayground/ZERO Sync/Followers (follows zero sync, but self syncs automagically)/Follower_+30N06
2025-10-28 18:54:44: GONetParticipant prefab removed from scene: scene://RpcPlayground/ZERO Sync/Followers (follows zero sync, but self syncs automagically)/Follower_+31N06
2025-10-28 18:54:44: GONetParticipant prefab removed from scene: scene://RpcPlayground/ZERO Sync/Followers (follows zero sync, but self syncs automagically)/Follower_+32N06
2025-10-28 18:54:44: GONetParticipant prefab removed from scene: scene://RpcPlayground/ZERO Sync/Followers (follows zero sync, but self syncs automagically)/Follower_+33N06
2025-10-28 18:54:46: GONetParticipant prefab removed from scene: scene://RpcPlayground/ZERO Sync/Auto Rotaters/AutoRotatingOrbitor
2025-10-28 18:54:46: GONetParticipant prefab removed from scene: scene://RpcPlayground/ZERO Sync/Auto Rotaters/AutoRotatingOrbitor (1)
2025-10-28 18:54:46: GONetParticipant prefab removed from scene: scene://RpcPlayground/ZERO Sync/Auto Rotaters/AutoRotatingOrbitor (2)
2025-10-28 18:54:46: GONetParticipant prefab removed from scene: scene://RpcPlayground/ZERO Sync/Auto Rotaters/AutoRotatingOrbitor (3)
2025-10-28 18:54:46: GONetParticipant prefab removed from scene: scene://RpcPlayground/ZERO Sync/Auto Rotaters/AutoRotatingOrbitor (4)
2025-10-28 18:54:46: GONetParticipant prefab removed from scene: scene://RpcPlayground/ZERO Sync/Followers (follows zero sync, but self syncs automagically)/Follower 
2025-10-28 18:54:46: GONetParticipant prefab removed from scene: scene://RpcPlayground/ZERO Sync/Followers (follows zero sync, but self syncs automagically)/Follower_+30N06
2025-10-28 18:54:46: GONetParticipant prefab removed from scene: scene://RpcPlayground/ZERO Sync/Followers (follows zero sync, but self syncs automagically)/Follower_+31N06
2025-10-28 18:54:46: GONetParticipant prefab removed from scene: scene://RpcPlayground/ZERO Sync/Followers (follows zero sync, but self syncs automagically)/Follower_+32N06
2025-10-28 18:54:46: GONetParticipant prefab removed from scene: scene://RpcPlayground/ZERO Sync/Followers (follows zero sync, but self syncs automagically)/Follower_+33N06
