
=== Thu Apr  4 12:06:51 2019

Packages were changed.
Update Mode: updateDependencies

The following packages were added:
  com.unity.analytics@3.2.2
  com.unity.purchasing@2.0.3
  com.unity.ads@2.3.1
  com.unity.textmeshpro@1.3.0
  com.unity.package-manager-ui@2.0.3
  com.unity.collab-proxy@1.2.15
  com.unity.modules.ai@1.0.0
  com.unity.modules.animation@1.0.0
  com.unity.modules.assetbundle@1.0.0
  com.unity.modules.audio@1.0.0
  com.unity.modules.cloth@1.0.0
  com.unity.modules.director@1.0.0
  com.unity.modules.imageconversion@1.0.0
  com.unity.modules.imgui@1.0.0
  com.unity.modules.jsonserialize@1.0.0
  com.unity.modules.particlesystem@1.0.0
  com.unity.modules.physics@1.0.0
  com.unity.modules.physics2d@1.0.0
  com.unity.modules.screencapture@1.0.0
  com.unity.modules.terrain@1.0.0
  com.unity.modules.terrainphysics@1.0.0
  com.unity.modules.tilemap@1.0.0
  com.unity.modules.ui@1.0.0
  com.unity.modules.uielements@1.0.0
  com.unity.modules.umbra@1.0.0
  com.unity.modules.unityanalytics@1.0.0
  com.unity.modules.unitywebrequest@1.0.0
  com.unity.modules.unitywebrequestassetbundle@1.0.0
  com.unity.modules.unitywebrequestaudio@1.0.0
  com.unity.modules.unitywebrequesttexture@1.0.0
  com.unity.modules.unitywebrequestwww@1.0.0
  com.unity.modules.vehicles@1.0.0
  com.unity.modules.video@1.0.0
  com.unity.modules.vr@1.0.0
  com.unity.modules.wind@1.0.0
  com.unity.modules.xr@1.0.0

=== Sat Aug 10 16:52:14 2019

Packages were changed.
Update Mode: updateDependencies

The following packages were updated:
  com.unity.package-manager-ui from version 2.0.3 to 2.0.7

=== Wed Mar  8 15:53:57 2023

Packages were changed.
Update Mode: updateDependencies

The following packages were added:
  com.unity.2d.sprite@1.0.0
  com.unity.2d.tilemap@1.0.0
  com.unity.ide.rider@3.0.18
  com.unity.ide.visualstudio@2.0.17
  com.unity.ide.vscode@1.2.5
  com.unity.modules.androidjni@1.0.0
  com.unity.test-framework@1.1.33
  com.unity.timeline@1.4.8
  com.unity.ugui@1.0.0
  com.unity.xr.legacyinputhelpers@2.1.10
The following packages were updated:
  com.unity.ads from version 2.3.1 to 3.7.5
  com.unity.analytics from version 3.2.2 to 3.6.12
  com.unity.collab-proxy from version 1.2.15 to 2.0.0
  com.unity.purchasing from version 2.0.3 to 4.5.2
  com.unity.textmeshpro from version 1.3.0 to 3.0.6
The following packages were removed:
  com.unity.package-manager-ui@2.0.7

=== Thu Sep 28 07:56:42 2023

Packages were changed.
Update Mode: updateDependencies

The following packages were updated:
  com.unity.ads from version 3.7.5 to 4.4.2
  com.unity.collab-proxy from version 2.0.0 to 2.0.4
  com.unity.ide.rider from version 3.0.18 to 3.0.21
  com.unity.ide.visualstudio from version 2.0.17 to 2.0.18
  com.unity.purchasing from version 4.5.2 to 4.8.0
  com.unity.timeline from version 1.4.8 to 1.6.5

=== Tue Dec 26 11:53:51 2023

Packages were changed.
Update Mode: updateDependencies

The following packages were added:
  com.unity.ai.navigation@1.1.5
The following packages were updated:
  com.unity.analytics from version 3.6.12 to 3.8.1
  com.unity.collab-proxy from version 2.0.4 to 2.2.0
  com.unity.ide.rider from version 3.0.21 to 3.0.25
  com.unity.ide.visualstudio from version 2.0.18 to 2.0.21
  com.unity.purchasing from version 4.8.0 to 4.9.3
  com.unity.timeline from version 1.6.5 to 1.7.6
